[debug] [2025-08-17T11:35:15.797Z] ----------------------------------------------------------------------
[debug] [2025-08-17T11:35:15.810Z] Command:       C:\Program Files\nodejs\node.exe C:\Users\classic\AppData\Roaming\npm\node_modules\firebase-tools\lib\bin\firebase.js init hosting:github
[debug] [2025-08-17T11:35:15.810Z] CLI Version:   14.12.1
[debug] [2025-08-17T11:35:15.811Z] Platform:      win32
[debug] [2025-08-17T11:35:15.811Z] Node Version:  v22.18.0
[debug] [2025-08-17T11:35:15.811Z] Time:          Sun Aug 17 2025 16:35:15 GMT+0500 (Pakistan Standard Time)
[debug] [2025-08-17T11:35:15.811Z] ----------------------------------------------------------------------
[debug] 
[debug] [2025-08-17T11:35:16.092Z] > command requires scopes: ["email","openid","https://www.googleapis.com/auth/cloudplatformprojects.readonly","https://www.googleapis.com/auth/firebase","https://www.googleapis.com/auth/cloud-platform"]
[debug] [2025-08-17T11:35:16.093Z] > authorizing via signed-in user (shaheeerrayyan@gmail.com)
[info] 
     ######## #### ########  ######## ########     ###     ######  ########
     ##        ##  ##     ## ##       ##     ##  ##   ##  ##       ##
     ######    ##  ########  ######   ########  #########  ######  ######
     ##        ##  ##    ##  ##       ##     ## ##     ##       ## ##
     ##       #### ##     ## ######## ########  ##     ##  ######  ########

You're about to initialize a Firebase project in this directory:

  C:\Users\classic

Before we get started, keep in mind:

  * You are initializing within an existing Firebase project directory

[info] 
=== Project Setup
[info] 
[info] First, let's associate this project directory with a Firebase project.
[info] You can create multiple project aliases by running firebase use --add, 
[info] but for now we'll just set up a default project.
[info] 
[debug] [2025-08-17T11:35:18.512Z] Using project from CLI flag: sample-firebase-ai-app-46aae
[debug] [2025-08-17T11:35:18.514Z] Checked if tokens are valid: true, expires at: 1755432452549
[debug] [2025-08-17T11:35:18.514Z] Checked if tokens are valid: true, expires at: 1755432452549
[debug] [2025-08-17T11:35:18.516Z] >>> [apiv2][query] GET https://firebase.googleapis.com/v1beta1/projects/sample-firebase-ai-app-46aae [none]
[debug] [2025-08-17T11:35:19.175Z] <<< [apiv2][status] GET https://firebase.googleapis.com/v1beta1/projects/sample-firebase-ai-app-46aae 200
[debug] [2025-08-17T11:35:19.176Z] <<< [apiv2][body] GET https://firebase.googleapis.com/v1beta1/projects/sample-firebase-ai-app-46aae {"projectId":"sample-firebase-ai-app-46aae","projectNumber":"246477767375","displayName":"Jobs Fall Website Hosting","name":"projects/sample-firebase-ai-app-46aae","resources":{"hostingSite":"sample-firebase-ai-app-46aae"},"state":"ACTIVE","etag":"1_7e845fe6-5470-401f-905f-c4db974af455"}
[info] i  Using project sample-firebase-ai-app-46aae (Jobs Fall Website Hosting) 
[info] 
=== Hosting:github Setup
[info] 
[info] i  Didn't detect a .git folder. Assuming C:\Users\classic\Downloads\JobsFall.ai Website Final is the project root. 
[info] i  Authorizing with GitHub to upload your service account to a GitHub repository's secrets store. 
[info] 
[info] Visit this URL on this device to log in:
[info] https://github.com/login/oauth/authorize?client_id=89cf50f02ac6aaed3484&state=20176369&redirect_uri=http%3A%2F%2Flocalhost%3A9005&scope=read%3Auser%20repo%20public_repo
[info] 
[info] Waiting for authentication...
[debug] [2025-08-17T11:35:20.962Z] >>> [apiv2][query] POST https://github.com/login/oauth/access_token [none]
[debug] [2025-08-17T11:35:20.962Z] >>> [apiv2][body] POST https://github.com/login/oauth/access_token [stream]
[debug] [2025-08-17T11:35:21.714Z] <<< [apiv2][status] POST https://github.com/login/oauth/access_token 200
[debug] [2025-08-17T11:35:21.714Z] <<< [apiv2][body] POST https://github.com/login/oauth/access_token {"access_token":"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","token_type":"bearer","scope":"read:user,repo"}
[debug] [2025-08-17T11:35:21.725Z] >>> [apiv2][query] GET https://api.github.com/user [none]
[debug] [2025-08-17T11:35:22.576Z] <<< [apiv2][status] GET https://api.github.com/user 200
[debug] [2025-08-17T11:35:22.577Z] <<< [apiv2][body] GET https://api.github.com/user {"login":"Ray-ex","id":151948196,"node_id":"U_kgDOCQ6LpA","avatar_url":"https://avatars.githubusercontent.com/u/151948196?v=4","gravatar_id":"","url":"https://api.github.com/users/Ray-ex","html_url":"https://github.com/Ray-ex","followers_url":"https://api.github.com/users/Ray-ex/followers","following_url":"https://api.github.com/users/Ray-ex/following{/other_user}","gists_url":"https://api.github.com/users/Ray-ex/gists{/gist_id}","starred_url":"https://api.github.com/users/Ray-ex/starred{/owner}{/repo}","subscriptions_url":"https://api.github.com/users/Ray-ex/subscriptions","organizations_url":"https://api.github.com/users/Ray-ex/orgs","repos_url":"https://api.github.com/users/Ray-ex/repos","events_url":"https://api.github.com/users/Ray-ex/events{/privacy}","received_events_url":"https://api.github.com/users/Ray-ex/received_events","type":"User","user_view_type":"private","site_admin":false,"name":"Rayyan Shaheer","company":null,"blog":"","location":null,"email":null,"hireable":null,"bio":"A 15 year old who has expertise in frontend development and is learning more(HTML, CSS,  JS)\r\nreach out to me through gmail\r\nshaheeerrayyan@gmail.com","twitter_username":null,"notification_email":null,"public_repos":6,"public_gists":0,"followers":0,"following":0,"created_at":"2023-11-24T15:43:10Z","updated_at":"2024-04-25T09:55:07Z","private_gists":0,"total_private_repos":0,"owned_private_repos":0,"disk_usage":18396,"collaborators":0,"two_factor_authentication":false,"plan":{"name":"free","space":976562499,"collaborators":0,"private_repos":10000}}
[info] 
[info] +  Success! Logged into GitHub as Ray-ex 
[info] 
